Flow report for DDA_algorithm
Wed Oct 25 10:57:39 2023
Quartus II Version 9.1 Build 350 03/24/2010 Service Pack 2 SJ Web Edition


---------------------
; Table of Contents ;
---------------------
  1. Legal Notice
  2. Flow Summary
  3. Flow Settings
  4. Flow Non-Default Global Settings
  5. Flow Elapsed Time
  6. Flow OS Summary
  7. Flow Log



----------------
; Legal Notice ;
----------------
Copyright (C) 1991-2010 Altera Corporation
Your use of Altera Corporation's design tools, logic functions 
and other software and tools, and its AMPP partner logic 
functions, and any output files from any of the foregoing 
(including device programming or simulation files), and any 
associated documentation or information are expressly subject 
to the terms and conditions of the Altera Program License 
Subscription Agreement, Altera MegaCore Function License 
Agreement, or other applicable license agreement, including, 
without limitation, that your use is for the sole purpose of 
programming logic devices manufactured by Altera and sold by 
Altera or its authorized distributors.  Please refer to the 
applicable agreement for further details.



+------------------------------------------------------------------------+
; Flow Summary                                                           ;
+-------------------------+----------------------------------------------+
; Flow Status             ; Successful - Wed Oct 25 10:57:39 2023        ;
; Quartus II Version      ; 9.1 Build 350 03/24/2010 SP 2 SJ Web Edition ;
; Revision Name           ; DDA_algorithm                                ;
; Top-level Entity Name   ; DDA_algorithm                                ;
; Family                  ; MAX II                                       ;
; Device                  ; EPM1270T144C5                                ;
; Timing Models           ; Final                                        ;
; Met timing requirements ; Yes                                          ;
; Total logic elements    ; 65 / 1,270 ( 5 % )                           ;
; Total pins              ; 22 / 116 ( 19 % )                            ;
; Total virtual pins      ; 0                                            ;
; UFM blocks              ; 0 / 1 ( 0 % )                                ;
+-------------------------+----------------------------------------------+


+-----------------------------------------+
; Flow Settings                           ;
+-------------------+---------------------+
; Option            ; Setting             ;
+-------------------+---------------------+
; Start date & time ; 10/25/2023 10:57:35 ;
; Main task         ; Compilation         ;
; Revision Name     ; DDA_algorithm       ;
+-------------------+---------------------+


+------------------------------------------------------------------------------------------------------------------------------+
; Flow Non-Default Global Settings                                                                                             ;
+---------------------------------------+---------------------------------+---------------+-------------+----------------------+
; Assignment Name                       ; Value                           ; Default Value ; Entity Name ; Section Id           ;
+---------------------------------------+---------------------------------+---------------+-------------+----------------------+
; COMPILER_SIGNATURE_ID                 ; 264086610672018.169820625520872 ; --            ; --          ; --                   ;
; EDA_DESIGN_ENTRY_SYNTHESIS_TOOL       ; Design Compiler                 ; <None>        ; --          ; --                   ;
; EDA_INPUT_DATA_FORMAT                 ; Edif                            ; --            ; --          ; eda_design_synthesis ;
; EDA_INPUT_VCC_NAME                    ; Vdd                             ; --            ; --          ; eda_design_synthesis ;
; EDA_LMF_FILE                          ; altsyn.lmf                      ; --            ; --          ; eda_design_synthesis ;
; EDA_OUTPUT_DATA_FORMAT                ; Verilog Hdl                     ; --            ; --          ; eda_simulation       ;
; EDA_OUTPUT_DATA_FORMAT                ; Verilog Hdl                     ; --            ; --          ; eda_timing_analysis  ;
; EDA_SIMULATION_TOOL                   ; Active-HDL (Verilog)            ; <None>        ; --          ; --                   ;
; EDA_TIME_SCALE                        ; 1 ps                            ; --            ; --          ; eda_simulation       ;
; EDA_TIMING_ANALYSIS_TOOL              ; PrimeTime (Verilog)             ; <None>        ; --          ; --                   ;
; MAX_CORE_JUNCTION_TEMP                ; 85                              ; --            ; --          ; --                   ;
; MIN_CORE_JUNCTION_TEMP                ; 0                               ; --            ; --          ; --                   ;
; POWER_EXT_SUPPLY_VOLTAGE_TO_REGULATOR ; 3.3V                            ; --            ; --          ; --                   ;
; USE_GENERATED_PHYSICAL_CONSTRAINTS    ; Off                             ; --            ; --          ; eda_blast_fpga       ;
+---------------------------------------+---------------------------------+---------------+-------------+----------------------+


+-----------------------------------------------------------------------------------------------------------------------------+
; Flow Elapsed Time                                                                                                           ;
+-------------------------+--------------+-------------------------+---------------------+------------------------------------+
; Module Name             ; Elapsed Time ; Average Processors Used ; Peak Virtual Memory ; Total CPU Time (on all processors) ;
+-------------------------+--------------+-------------------------+---------------------+------------------------------------+
; Analysis & Synthesis    ; 00:00:00     ; 1.0                     ; 226 MB              ; 00:00:00                           ;
; Fitter                  ; 00:00:01     ; 1.0                     ; 236 MB              ; 00:00:00                           ;
; Assembler               ; 00:00:00     ; 1.0                     ; 203 MB              ; 00:00:00                           ;
; Classic Timing Analyzer ; 00:00:00     ; 1.0                     ; 174 MB              ; 00:00:00                           ;
; EDA Netlist Writer      ; 00:00:00     ; 1.0                     ; 184 MB              ; 00:00:00                           ;
; Total                   ; 00:00:01     ; --                      ; --                  ; 00:00:00                           ;
+-------------------------+--------------+-------------------------+---------------------+------------------------------------+


+------------------------------------------------------------------------------------------+
; Flow OS Summary                                                                          ;
+-------------------------+------------------+---------------+------------+----------------+
; Module Name             ; Machine Hostname ; OS Name       ; OS Version ; Processor type ;
+-------------------------+------------------+---------------+------------+----------------+
; Analysis & Synthesis    ; DESKTOP-BMO4E86  ; Windows Vista ; 6.2        ; x86_64         ;
; Fitter                  ; DESKTOP-BMO4E86  ; Windows Vista ; 6.2        ; x86_64         ;
; Assembler               ; DESKTOP-BMO4E86  ; Windows Vista ; 6.2        ; x86_64         ;
; Classic Timing Analyzer ; DESKTOP-BMO4E86  ; Windows Vista ; 6.2        ; x86_64         ;
; EDA Netlist Writer      ; DESKTOP-BMO4E86  ; Windows Vista ; 6.2        ; x86_64         ;
+-------------------------+------------------+---------------+------------+----------------+


------------
; Flow Log ;
------------
quartus_map --read_settings_files=on --write_settings_files=off DDA_algorithm -c DDA_algorithm
quartus_fit --read_settings_files=off --write_settings_files=off DDA_algorithm -c DDA_algorithm
quartus_asm --read_settings_files=off --write_settings_files=off DDA_algorithm -c DDA_algorithm
quartus_tan --read_settings_files=off --write_settings_files=off DDA_algorithm -c DDA_algorithm
quartus_eda --read_settings_files=off --write_settings_files=off DDA_algorithm -c DDA_algorithm



